CONFIG port: 12345 , max_hash_table_size: 100, max_cache_size: 5

Server is listening on port 12345

Received: PUT key1 value1


cache_size: 0

Received: PUT key2 value2


cache_size: 1

Received: PUT key3 value3


cache_size: 2

Received: GET key1


Received: GET key2


Received: GET key3


Received: GET key4


Received: DELETE key1


Received: DELETE key2


Received: DELETE key3


Received: DELETE key4


Received: PUT key1 value1


cache_size: 0

Received: PUT key2 value2


cache_size: 1

Received: PUT key3 value3


cache_size: 2

Received: PUT key4 value4


cache_size: 3

Received: PUT key5 value5


cache_size: 4

Received: PUT key6 value6


cache_size: 5

Received: GET key1


Received: QUIT


CONFIG port: 12345 , max_hash_table_size: 100, max_cache_size: 5

Server is listening on port 12345

Received: PUT key1 value1


cache_size: 0

Received: PUT key2 value2


cache_size: 1

Received: PUT key3 value3


cache_size: 2

Received: GET key1


Received: GET key2


Received: GET key3


Received: GET key4


Received: DELETE key1


Received: DELETE key2


Received: DELETE key3


Received: DELETE key4


Received: PUT key1 value1


cache_size: 0

Received: PUT key2 value2


cache_size: 1

Received: PUT key3 value3


cache_size: 2

Received: PUT key4 value4


cache_size: 3

Received: PUT key5 value5


cache_size: 4

Received: PUT key6 value6


cache_size: 5

Received: GET key1


Received: QUIT


Received: PUT key1 value1


Received: PUT key2 value2


Received: PUT key3 value3


Received: GET key1


Received: GET key2


Received: GET key3


Received: GET key4


Received: DELETE key1


Received: DELETE key2


Received: DELETE key3


Received: DELETE key4


Received: PUT key1 value1


cache_size: 2

Received: PUT key2 value2


cache_size: 3

Received: PUT key3 value3


cache_size: 4

Received: PUT key4 value4


cache_size: 5

Received: PUT key5 value5


cache_size: 5

Received: PUT key6 value6


cache_size: 5

Received: GET key1


Received: SELECT


Received: QUIT


CONFIG port: 12345 , max_hash_table_size: 100, max_cache_size: 5

Server is listening on port 12345

Received: PUT key1 value1


cache_size: 0

Received: PUT key2 value2


cache_size: 1

Received: PUT key3 value3


cache_size: 2

Received: GET key1


Received: GET key2


Received: GET key3


Received: GET key4


Received: DELETE key1


Received: DELETE key2


Received: DELETE key3


Received: DELETE key4


Received: PUT key1 value1


cache_size: 0

Received: PUT key2 value2


cache_size: 1

Received: PUT key3 value3


cache_size: 2

Received: PUT key4 value4


cache_size: 3

Received: PUT key5 value5


cache_size: 4

Received: PUT key6 value6


cache_size: 5

Received: GET key1


Received: SELECT


Received: QUIT


CONFIG port: 12345 , max_hash_table_size: 100, max_cache_size: 5

cache_size: 0

cache_size: 1

cache_size: 2

cache_size: 3

cache_size: 4

cache_size: 5

CONFIG port: 12345 , max_hash_table_size: 100, max_cache_size: 5

cache_size: 0

cache_size: 1

cache_size: 2

cache_size: 3

cache_size: 4

cache_size: 5

CONFIG port: 12345 , max_hash_table_size: 100, max_cache_size: 5

cache_size: 0

cache_size: 1

cache_size: 2

cache_size: 3

cache_size: 4

cache_size: 5

CONFIG port: 12345 , max_hash_table_size: 100, max_cache_size: 5

Server is listening on port 12345

Received: PUT key1 value1


cache_size: 0

Received: PUT key2 value2


cache_size: 1

Received: PUT key3 value3


cache_size: 2

Received: GET key1


Received: GET key2


Received: GET key3


Received: GET key4


Received: DELETE key1


Received: DELETE key2


Received: DELETE key3


Received: DELETE key4


Received: PUT key1 value1


cache_size: 0

Received: PUT key2 value2


cache_size: 1

Received: PUT key3 value3


cache_size: 2

Received: PUT key4 value4


cache_size: 3

Received: PUT key5 value5


cache_size: 4

Received: PUT key6 value6


cache_size: 5

CONFIG port: 12345 , max_hash_table_size: 100, max_cache_size: 5

Server is listening on port 12345

Received: PUT key1 value1


cache_size: 0

Received: PUT key2 value2


cache_size: 1

Received: PUT key3 value3


cache_size: 2

Received: GET key1


Received: GET key2


Received: GET key3


Received: GET key4


Received: DELETE key1


Received: DELETE key2


Received: DELETE key3


Received: DELETE key4


Received: PUT key1 value1


cache_size: 0

Received: PUT key2 value2


cache_size: 1

Received: PUT key3 value3


cache_size: 2

Received: PUT key4 value4


cache_size: 3

Received: PUT key5 value5


cache_size: 4

Received: PUT key6 value6


cache_size: 5

oldest_entry null

Received: GET key1


Received: SELECT


Received: QUIT


CONFIG port: 12345 , max_hash_table_size: 100, max_cache_size: 5

Server is listening on port 12345

Received: PUT key1 value1


cache_size: 0

Received: PUT key2 value2


cache_size: 1

Received: PUT key3 value3


cache_size: 2

Received: GET key1


Received: GET key2


Received: GET key3


Received: GET key4


Received: DELETE key1


Received: DELETE key2


Received: DELETE key3


Received: DELETE key4


Received: PUT key1 value1


cache_size: 0

Received: PUT key2 value2


cache_size: 1

Received: PUT key3 value3


cache_size: 2

Received: PUT key4 value4


cache_size: 3

Received: PUT key5 value5


cache_size: 4

Received: PUT key6 value6


cache_size: 5

Checking entry key: key1, last_accessed: 1718015298

Checking entry key: key2, last_accessed: 1718015298

Checking entry key: key3, last_accessed: 1718015298

Checking entry key: key4, last_accessed: 1718015298

Checking entry key: key5, last_accessed: 1718015298

No oldest entry found to delete.

Received: GET key1


Received: SELECT


Received: QUIT


CONFIG port: 12345 , max_hash_table_size: 100, max_cache_size: 5

Server is listening on port 12345

Received: PUT key1 value1


cache_size: 0

Received: PUT key2 value2


cache_size: 1

Received: PUT key3 value3


cache_size: 2

Received: GET key1


Received: GET key2


Received: GET key3


Received: GET key4


Received: DELETE key1


Received: DELETE key2


Received: DELETE key3


Received: DELETE key4


Received: PUT key1 value1


cache_size: 0

Received: PUT key2 value2


cache_size: 1

Received: PUT key3 value3


cache_size: 2

Received: PUT key4 value4


cache_size: 3

Received: PUT key5 value5


cache_size: 4

Received: PUT key6 value6


cache_size: 5

Checking entry key: key1, last_accessed: 1718015385

Checking entry key: key2, last_accessed: 1718015385

Checking entry key: key3, last_accessed: 1718015385

Checking entry key: key4, last_accessed: 1718015385

Checking entry key: key5, last_accessed: 1718015385

No oldest entry found to delete.

Received: GET key1


Received: SELECT


Received: QUIT


CONFIG port: 12345 , max_hash_table_size: 100, max_cache_size: 5

Server is listening on port 12345

Received: PUT key1 value1


cache_size: 0

Received: PUT key2 value2


cache_size: 1

Received: PUT key3 value3


cache_size: 2

Received: GET key1


Received: GET key2


Received: GET key3


Received: GET key4


Received: DELETE key1


Received: DELETE key2


Received: DELETE key3


Received: DELETE key4


Received: PUT key1 value1


cache_size: 0

Received: PUT key2 value2


cache_size: 1

Received: PUT key3 value3


cache_size: 2

Received: PUT key4 value4


cache_size: 3

Received: PUT key5 value5


cache_size: 4

Received: PUT key6 value6


cache_size: 5

Checking entry key: key1, last_accessed: 1718015472

Checking entry key: key2, last_accessed: 1718015473

Checking entry key: key3, last_accessed: 1718015474

Checking entry key: key4, last_accessed: 1718015475

Checking entry key: key5, last_accessed: 1718015476

Deleting oldest entry - key: key1, value: value1

Received: GET key1


Received: SELECT


Received: QUIT


Received: SELECT


CONFIG port: 12345 , max_hash_table_size: 100, max_cache_size: 5

cache_size: 0

cache_size: 1

cache_size: 2

cache_size: 3

cache_size: 4

Server is listening on port 12345

Received: SELECT


Received: 


Received: 


Received: 


Received: 


Received: SELECT


Received: PUT K V


cache_size: 5

Checking entry key: key2, last_accessed: 1718015630

Checking entry key: key3, last_accessed: 1718015630

Checking entry key: key4, last_accessed: 1718015630

Checking entry key: key5, last_accessed: 1718015630

Checking entry key: key6, last_accessed: 1718015630

Deleting oldest entry - key: key6, value: value6

Received: GET K


